<?xml version="1.0" encoding="UTF-8"?>
<!-- Generated by org.testng.reporters.JUnitXMLReporter -->
<testsuite ignored="1" hostname="LAPTOP-HEGI0R39" failures="0" tests="1" name="Default test" time="0.092" errors="0" timestamp="2022-08-19T13:03:21 IST">
  <testcase classname="qaclicacademy.RestAPITest" name="postJeera" time="0.013"/>
  <testcase classname="qaclicacademy.RestAPITest" name="TwitterOpen" time="0.0">
    <ignored/>
  </testcase> <!-- TwitterOpen -->
</testsuite> <!-- Default test -->
