<?xml version="1.0" encoding="UTF-8"?>
<!-- Generated by org.testng.reporters.JUnitXMLReporter -->
<testsuite ignored="0" hostname="LAPTOP-HEGI0R39" failures="0" tests="4" name="Test" time="0.101" errors="0" timestamp="2022-08-19T13:17:40 IST">
  <testcase classname="qaclicacademy.RestAPITest" name="TwitterOpen" time="0.01"/>
  <testcase classname="qaclicacademy.RestAPITest" name="postJeera" time="0.001"/>
  <testcase classname="qaclicacademy.AppiumTest" name="AndroidApp" time="0.001"/>
  <testcase classname="qaclicacademy.AppiumTest" name="IosApps" time="0.002"/>
</testsuite> <!-- Test -->
