<?xml version="1.0" encoding="UTF-8"?>
<!-- Generated by org.testng.reporters.JUnitXMLReporter -->
<testsuite ignored="0" hostname="LAPTOP-HEGI0R39" failures="0" tests="5" name="Test" time="0.078" errors="0" timestamp="2022-08-08T22:15:42 IST">
  <testcase classname="qaclicacademy.RestAPITest" name="TwitterOpen" time="0.008"/>
  <testcase classname="qaclicacademy.RestAPITest" name="postJeera" time="0.001"/>
  <testcase classname="qaclicacademy.AppiumTest" name="AndroidApp" time="0.001"/>
  <testcase classname="qaclicacademy.AppiumTest" name="IosApps" time="0.001"/>
  <testcase classname="qaclicacademy.Selenium" name="elementsUI" time="0.001"/>
</testsuite> <!-- Test -->
