<?xml version="1.0" encoding="UTF-8"?>
<testng-results ignored="0" total="4" passed="4" failed="0" skipped="0">
  <reporter-output>
  </reporter-output>
  <suite started-at="2022-08-19T13:17:40 IST" name="Suite" finished-at="2022-08-19T13:17:40 IST" duration-ms="101">
    <groups>
    </groups>
    <test started-at="2022-08-19T13:17:40 IST" name="Test" finished-at="2022-08-19T13:17:40 IST" duration-ms="101">
      <class name="qaclicacademy.AppiumTest">
        <test-method signature="AndroidApp()[pri:0, instance:qaclicacademy.AppiumTest@550dbc7a]" started-at="2022-08-19T13:17:40 IST" name="AndroidApp" finished-at="2022-08-19T13:17:40 IST" duration-ms="1" status="PASS">
          <reporter-output>
          </reporter-output>
        </test-method> <!-- AndroidApp -->
        <test-method signature="IosApps()[pri:0, instance:qaclicacademy.AppiumTest@550dbc7a]" started-at="2022-08-19T13:17:40 IST" name="IosApps" finished-at="2022-08-19T13:17:40 IST" duration-ms="2" status="PASS">
          <reporter-output>
          </reporter-output>
        </test-method> <!-- IosApps -->
      </class> <!-- qaclicacademy.AppiumTest -->
      <class name="qaclicacademy.RestAPITest">
        <test-method signature="TwitterOpen()[pri:0, instance:qaclicacademy.RestAPITest@2ea41516]" started-at="2022-08-19T13:17:40 IST" name="TwitterOpen" finished-at="2022-08-19T13:17:40 IST" duration-ms="10" status="PASS">
          <reporter-output>
          </reporter-output>
        </test-method> <!-- TwitterOpen -->
        <test-method signature="postJeera()[pri:0, instance:qaclicacademy.RestAPITest@2ea41516]" started-at="2022-08-19T13:17:40 IST" name="postJeera" finished-at="2022-08-19T13:17:40 IST" duration-ms="1" status="PASS">
          <reporter-output>
          </reporter-output>
        </test-method> <!-- postJeera -->
      </class> <!-- qaclicacademy.RestAPITest -->
    </test> <!-- Test -->
  </suite> <!-- Suite -->
</testng-results>
