<?xml version="1.0" encoding="UTF-8"?>
<testng-results ignored="0" total="2" passed="2" failed="0" skipped="0">
  <reporter-output>
  </reporter-output>
  <suite started-at="2022-08-14T13:09:52 IST" name="Surefire suite" finished-at="2022-08-14T13:09:52 IST" duration-ms="83">
    <groups>
    </groups>
    <test started-at="2022-08-14T13:09:52 IST" name="Surefire test" finished-at="2022-08-14T13:09:52 IST" duration-ms="83">
      <class name="qaclicacademy.Selenium">
        <test-method signature="BrowserAutomation()[pri:0, instance:qaclicacademy.Selenium@27ae2fd0]" started-at="2022-08-14T13:09:52 IST" name="BrowserAutomation" finished-at="2022-08-14T13:09:52 IST" duration-ms="14" status="PASS">
          <reporter-output>
          </reporter-output>
        </test-method> <!-- BrowserAutomation -->
        <test-method signature="elementsUI()[pri:0, instance:qaclicacademy.Selenium@27ae2fd0]" started-at="2022-08-14T13:09:52 IST" name="elementsUI" finished-at="2022-08-14T13:09:52 IST" duration-ms="1" status="PASS">
          <reporter-output>
          </reporter-output>
        </test-method> <!-- elementsUI -->
      </class> <!-- qaclicacademy.Selenium -->
    </test> <!-- Surefire test -->
  </suite> <!-- Surefire suite -->
</testng-results>
