<?xml version="1.0" encoding="UTF-8"?>
<testng-results ignored="1" total="2" passed="1" failed="0" skipped="0">
  <reporter-output>
  </reporter-output>
  <suite started-at="2022-08-19T13:03:20 IST" name="Default suite" finished-at="2022-08-19T13:03:20 IST" duration-ms="92">
    <groups>
    </groups>
    <test started-at="2022-08-19T13:03:20 IST" name="Default test" finished-at="2022-08-19T13:03:20 IST" duration-ms="92">
      <class name="qaclicacademy.RestAPITest">
        <test-method signature="postJeera()[pri:0, instance:qaclicacademy.RestAPITest@e15b7e8]" started-at="2022-08-19T13:03:20 IST" name="postJeera" finished-at="2022-08-19T13:03:20 IST" duration-ms="13" status="PASS">
          <reporter-output>
          </reporter-output>
        </test-method> <!-- postJeera -->
      </class> <!-- qaclicacademy.RestAPITest -->
    </test> <!-- Default test -->
  </suite> <!-- Default suite -->
</testng-results>
