<?xml version="1.0" encoding="UTF-8"?>
<testng-results ignored="0" total="6" passed="6" failed="0" skipped="0">
  <reporter-output>
  </reporter-output>
  <suite started-at="2022-08-14T12:56:13 IST" name="Suite" finished-at="2022-08-14T12:56:14 IST" duration-ms="115">
    <groups>
    </groups>
    <test started-at="2022-08-14T12:56:13 IST" name="Test" finished-at="2022-08-14T12:56:14 IST" duration-ms="115">
      <class name="qaclicacademy.AppiumTest">
        <test-method signature="AndroidApp()[pri:0, instance:qaclicacademy.AppiumTest@6404f418]" started-at="2022-08-14T12:56:13 IST" name="AndroidApp" finished-at="2022-08-14T12:56:13 IST" duration-ms="2" status="PASS">
          <reporter-output>
          </reporter-output>
        </test-method> <!-- AndroidApp -->
        <test-method signature="IosApps()[pri:0, instance:qaclicacademy.AppiumTest@6404f418]" started-at="2022-08-14T12:56:13 IST" name="IosApps" finished-at="2022-08-14T12:56:13 IST" duration-ms="2" status="PASS">
          <reporter-output>
          </reporter-output>
        </test-method> <!-- IosApps -->
      </class> <!-- qaclicacademy.AppiumTest -->
      <class name="qaclicacademy.RestAPITest">
        <test-method signature="TwitterOpen()[pri:0, instance:qaclicacademy.RestAPITest@bae7dc0]" started-at="2022-08-14T12:56:13 IST" name="TwitterOpen" finished-at="2022-08-14T12:56:13 IST" duration-ms="11" status="PASS">
          <reporter-output>
          </reporter-output>
        </test-method> <!-- TwitterOpen -->
        <test-method signature="postJeera()[pri:0, instance:qaclicacademy.RestAPITest@bae7dc0]" started-at="2022-08-14T12:56:13 IST" name="postJeera" finished-at="2022-08-14T12:56:13 IST" duration-ms="4" status="PASS">
          <reporter-output>
          </reporter-output>
        </test-method> <!-- postJeera -->
      </class> <!-- qaclicacademy.RestAPITest -->
      <class name="qaclicacademy.Selenium">
        <test-method signature="BrowserAutomation()[pri:0, instance:qaclicacademy.Selenium@3e11f9e9]" started-at="2022-08-14T12:56:13 IST" name="BrowserAutomation" finished-at="2022-08-14T12:56:13 IST" duration-ms="1" status="PASS">
          <reporter-output>
          </reporter-output>
        </test-method> <!-- BrowserAutomation -->
        <test-method signature="elementsUI()[pri:0, instance:qaclicacademy.Selenium@3e11f9e9]" started-at="2022-08-14T12:56:13 IST" name="elementsUI" finished-at="2022-08-14T12:56:14 IST" duration-ms="2" status="PASS">
          <reporter-output>
          </reporter-output>
        </test-method> <!-- elementsUI -->
      </class> <!-- qaclicacademy.Selenium -->
    </test> <!-- Test -->
  </suite> <!-- Suite -->
</testng-results>
